<?xml version="1.0" encoding="UTF-8"?>
<!-- Generated by org.testng.reporters.JUnitReportReporter -->
<testsuite skipped="0" hostname="IBM162-PC09KMA9" name="com.Selenium.Example8" tests="1" failures="0" timestamp="02 Jan 2019 07:53:21 GMT" time="29.234" errors="0">
  <testcase name="somemethod" time="29.234" classname="com.Selenium.Example8"/>
</testsuite> <!-- com.Selenium.Example8 -->
