<?xml version="1.0" encoding="UTF-8"?>
<!-- Generated by org.testng.reporters.JUnitReportReporter -->
<testsuite skipped="0" hostname="IBM162-PC09KMA9" name="com.Selenium.Example1" tests="1" failures="0" timestamp="01 Jan 2019 11:29:22 GMT" time="7.773" errors="0">
  <testcase name="enterDataInTextField" time="7.773" classname="com.Selenium.Example1"/>
</testsuite> <!-- com.Selenium.Example1 -->
