<?xml version="1.0" encoding="UTF-8"?>
<!-- Generated by org.testng.reporters.JUnitReportReporter -->
<testsuite skipped="0" hostname="IBM162-PC09KMA9" name="com.Selenium.VerifyOpenAndCollapse" tests="1" failures="0" timestamp="04 Jan 2019 05:46:28 GMT" time="9.768" errors="0">
  <testcase name="verifyopenandcollapse" time="9.768" classname="com.Selenium.VerifyOpenAndCollapse"/>
</testsuite> <!-- com.Selenium.VerifyOpenAndCollapse -->
