<?xml version="1.0" encoding="UTF-8"?>
<!-- Generated by org.testng.reporters.JUnitReportReporter -->
<testsuite skipped="0" hostname="IBM162-PC09KMA9" name="com.Selenium.ZoomInZoomOutInSelenium" tests="1" failures="0" timestamp="03 Jan 2019 09:15:52 GMT" time="24.768" errors="0">
  <testcase name="zoominzoomoutinselenium" time="24.768" classname="com.Selenium.ZoomInZoomOutInSelenium"/>
</testsuite> <!-- com.Selenium.ZoomInZoomOutInSelenium -->
