<?xml version="1.0" encoding="UTF-8"?>
<!-- Generated by org.testng.reporters.JUnitReportReporter -->
<testsuite skipped="0" hostname="IBM162-PC09KMA9" name="com.Selenium.JavaScriptExecutorInSelenium" tests="1" failures="0" timestamp="04 Jan 2019 05:02:59 GMT" time="9.795" errors="0">
  <testcase name="javascriptexecutorinselenium" time="9.795" classname="com.Selenium.JavaScriptExecutorInSelenium"/>
</testsuite> <!-- com.Selenium.JavaScriptExecutorInSelenium -->
