<?xml version="1.0" encoding="UTF-8"?>
<!-- Generated by org.testng.reporters.JUnitReportReporter -->
<testsuite skipped="0" hostname="IBM162-PC09KMA9" name="logAndReports.LoggerTest" tests="1" failures="0" timestamp="07 Jan 2019 10:47:11 GMT" time="0.010" errors="0">
  <testcase name="testLogger" time="0.010" classname="logAndReports.LoggerTest"/>
</testsuite> <!-- logAndReports.LoggerTest -->
