<?xml version="1.0" encoding="UTF-8"?>
<!-- Generated by org.testng.reporters.JUnitReportReporter -->
<testsuite skipped="0" hostname="IBM162-PC09KMA9" name="com.Selenium.AlertInSelenium" tests="1" failures="0" timestamp="04 Jan 2019 03:24:41 GMT" time="5.879" errors="0">
  <testcase name="alertinselenium" time="5.879" classname="com.Selenium.AlertInSelenium"/>
</testsuite> <!-- com.Selenium.AlertInSelenium -->
