<?xml version="1.0" encoding="UTF-8"?>
<!-- Generated by org.testng.reporters.JUnitReportReporter -->
<testsuite skipped="0" hostname="IBM162-PC09KMA9" name="com.Selenium.KeyBoardAndMouseEventsUsingActionsClassInSelenium" tests="1" failures="0" timestamp="04 Jan 2019 07:23:24 GMT" time="12.710" errors="0">
  <testcase name="keyboardandmouseeventsusingactionsclassinselenium" time="12.710" classname="com.Selenium.KeyBoardAndMouseEventsUsingActionsClassInSelenium"/>
</testsuite> <!-- com.Selenium.KeyBoardAndMouseEventsUsingActionsClassInSelenium -->
