<?xml version="1.0" encoding="UTF-8"?>
<!-- Generated by org.testng.reporters.JUnitReportReporter -->
<testsuite skipped="0" hostname="IBM162-PC09KMA9" name="com.Selenium.Example4" tests="1" failures="0" timestamp="01 Jan 2019 12:24:13 GMT" time="13.104" errors="0">
  <testcase name="somemethod" time="13.104" classname="com.Selenium.Example4"/>
</testsuite> <!-- com.Selenium.Example4 -->
