<?xml version="1.0" encoding="UTF-8"?>
<!-- Generated by org.testng.reporters.JUnitReportReporter -->
<testsuite skipped="0" hostname="IBM162-PC09KMA9" name="com.Selenium.Example7" tests="1" failures="0" timestamp="02 Jan 2019 04:24:45 GMT" time="14.621" errors="0">
  <testcase name="somemethod" time="14.621" classname="com.Selenium.Example7"/>
</testsuite> <!-- com.Selenium.Example7 -->
