<?xml version="1.0" encoding="UTF-8"?>
<!-- Generated by org.testng.reporters.JUnitReportReporter -->
<testsuite skipped="0" hostname="IBM162-PC09KMA9" name="com.Selenium.KeyBoardAndMouseEvent" tests="1" failures="0" timestamp="04 Jan 2019 09:19:31 GMT" time="18.887" errors="0">
  <testcase name="keyboardandmouseeventsusingactionsclassinselenium" time="18.887" classname="com.Selenium.KeyBoardAndMouseEvent"/>
</testsuite> <!-- com.Selenium.KeyBoardAndMouseEvent -->
