<?xml version="1.0" encoding="UTF-8"?>
<!-- Generated by org.testng.reporters.JUnitReportReporter -->
<testsuite skipped="0" hostname="IBM162-PC09KMA9" name="com.Selenium.Example13" tests="1" failures="0" timestamp="02 Jan 2019 13:08:19 GMT" time="6.767" errors="0">
  <testcase name="somemethod" time="6.767" classname="com.Selenium.Example13"/>
</testsuite> <!-- com.Selenium.Example13 -->
