<?xml version="1.0" encoding="UTF-8"?>
<!-- Generated by org.testng.reporters.JUnitReportReporter -->
<testsuite skipped="0" hostname="IBM162-PC09KMA9" name="com.Selenium.Example3" tests="1" failures="0" timestamp="01 Jan 2019 12:10:49 GMT" time="8.499" errors="0">
  <testcase name="somemethod" time="8.499" classname="com.Selenium.Example3"/>
</testsuite> <!-- com.Selenium.Example3 -->
