<?xml version="1.0" encoding="UTF-8"?>
<!-- Generated by org.testng.reporters.JUnitReportReporter -->
<testsuite skipped="0" hostname="IBM162-PC09KMA9" name="com.Selenium.Example14" tests="1" failures="0" timestamp="02 Jan 2019 14:24:45 GMT" time="11.863" errors="0">
  <testcase name="somemethod" time="11.863" classname="com.Selenium.Example14"/>
</testsuite> <!-- com.Selenium.Example14 -->
