<?xml version="1.0" encoding="UTF-8"?>
<!-- Generated by org.testng.reporters.JUnitReportReporter -->
<testsuite skipped="0" hostname="IBM162-PC09KMA9" name="com.Selenium.Example9" tests="1" failures="0" timestamp="02 Jan 2019 08:39:00 GMT" time="6.164" errors="0">
  <testcase name="somemethod" time="6.164" classname="com.Selenium.Example9"/>
</testsuite> <!-- com.Selenium.Example9 -->
