<?xml version="1.0" encoding="UTF-8"?>
<!-- Generated by org.testng.reporters.JUnitReportReporter -->
<testsuite skipped="0" hostname="IBM162-PC09KMA9" name="com.Selenium.Example12" tests="1" failures="0" timestamp="02 Jan 2019 12:08:20 GMT" time="7.722" errors="0">
  <testcase name="somemethod" time="7.722" classname="com.Selenium.Example12"/>
</testsuite> <!-- com.Selenium.Example12 -->
