<?xml version="1.0" encoding="UTF-8"?>
<!-- Generated by org.testng.reporters.JUnitReportReporter -->
<testsuite skipped="0" hostname="IBM162-PC09KMA9" name="com.Selenium.Example11" tests="1" failures="0" timestamp="02 Jan 2019 10:47:21 GMT" time="8.383" errors="0">
  <testcase name="somemethod" time="8.383" classname="com.Selenium.Example11"/>
</testsuite> <!-- com.Selenium.Example11 -->
